[
    "3344666com.news.chtgc.com", 
    "bomayulechengdailikaihu.bw.chtgc.com", 
    "biboyule.www.chtgc.com", 
    "99caibazimitumi.bw.chtgc.com", 
    "baijialedaguangmingyingcheng.2013bbk.chtgc.com", 
    "865qipaiguanwang.2013bbk.chtgc.com", 
    "aomenbocaigufenyouxiangongsi.bw.chtgc.com", 
    "188bifenzhibowang.chtgc.com", 
    "bossyulechengdailikaihu.chtgc.com", 
    "3ddayingjia.xj.chtgc.com", 
    "555qipaiyouxi.bw.chtgc.com", 
    "901zuqiutuijian.hb.chtgc.com", 
    "aipinyulecheng.bw.chtgc.com", 
    "aomenjinlihuajiudian.china.chtgc.com", 
    "555qipaiyouxi.shantou.chtgc.com", 
    "bet365zuqiukaihu.chtgc.com", 
    "98bbyulewang.china.chtgc.com", 
    "7080qipaiyouxixiazai.chongqing.chtgc.com", 
    "baomahuiyulechengyouhuitiaojian.www.chtgc.com", 
    "98bbyulewang.bbw.chtgc.com", 
    "3dxincaiwang.chtgc.com", 
    "2012zuqiunianxin.tongling.chtgc.com", 
    "cw.chtgc.com", 
    "baolongyulechengaomenduchang.2013bbk.chtgc.com", 
    "baogeliyulechengyouhuitiaojian.www.chtgc.com", 
    "4499xiaoyouxidezhoupuke.www.chtgc.com", 
    "100suncitycom.www.chtgc.com", 
    "aomenweinisiduchang.www.chtgc.com", 
    "bossxianshangyule.www.chtgc.com", 
    "bailefangyulechengdubo.www.chtgc.com", 
    "bocaiwangzhidaquan.chtgc.com", 
    "aomenduchanghuangjinchengyule.www.chtgc.com", 
    "aomenqianzheng.www.chtgc.com", 
    "58wtongchengyouxi.chtgc.com", 
    "3dzhenjinghuabuyicaiba.hefei.chtgc.com", 
    "baijialeyuanzongtongyulecheng.2013bbk.chtgc.com", 
    "baomahuiyulechengxinyudu.2013bbk.chtgc.com", 
    "www.chtgc.com", 
    "bet365zuixinbeiyongwangzhi.bw.chtgc.com", 
    "bet365zuixinbeiyongwangzhi.qw.chtgc.com", 
    "500wanyulecheng.chaozhou.chtgc.com", 
    "51wanouguanzuqiu.shijiazhuang.chtgc.com", 
    "baoxingqipaiyouxi.2013bbk.chtgc.com", 
    "aokecaiwang.chaozhou.chtgc.com", 
    "bossxianshangyulecheng.www.chtgc.com", 
    "99caibawang.qw.chtgc.com", 
    "99caibazimitumizonghui.www.chtgc.com", 
    "bocaigongpeng.chtgc.com", 
    "babilunyulechengyouhui.chtgc.com", 
    "baijialedaohang.www.chtgc.com", 
    "baijinguojiyulechengbeiyongwang.chtgc.com", 
    "007bifenzhibowang.qqw.chtgc.com", 
    "bocaiezucaipiaowang.2013bbk.chtgc.com", 
    "bet007zuqiubifen.www.chtgc.com", 
    "aomendubojiqiao.bw.chtgc.com", 
    "3dzimixincaiba.chtgc.com", 
    "3dzhenjinghuabuyicaiba.huainan.chtgc.com", 
    "98bbyulewang.bw.chtgc.com", 
    "3dbuyicaiba.2013bbk.chtgc.com", 
    "bocaizixunjiaoliuluntan.2013bbk.chtgc.com", 
    "baijiaboyulechengyouhui.chtgc.com", 
    "56quanxunwang.www.chtgc.com", 
    "bocaiguanggao.bw.chtgc.com", 
    "baijinguojiyulechengwangshangdubo.chtgc.com", 
    "99zhenrenyulewang.ruijin.chtgc.com", 
    "3dxincaiba.www.chtgc.com", 
    "08shikuangzuqiuxiazai.2013bbk.chtgc.com", 
    "7mzuqiubifenwang.bw.chtgc.com", 
    "99caibazimitumizonghui.chtgc.com", 
    "bokeqipaiyouxi.2013bbk.chtgc.com", 
    "aomenxinpujingduchang.chtgc.com", 
    "aomenzuqiudaxiaoqiu.paotou.chtgc.com", 
    "bossyulechengyouhui.www.chtgc.com", 
    "288caiba.chtgc.com", 
    "55125caibaluntanshouye.www.chtgc.com", 
    "360qipaidating.www.chtgc.com", 
    "baomahuiyulechengguanwang.2013bbk.chtgc.com", 
    "36qipaishenhaibuyula.chtgc.com", 
    "baxizuqiu.chtgc.com", 
    "aomenduwanghehonghaozhai.2013bbk.chtgc.com", 
    "aomenrangqiupan.2013bbk.chtgc.com", 
    "3dlecaiwang.bw.chtgc.com", 
    "7080qipaiyouxi.qw.chtgc.com", 
    "865qipaiduokai.chtgc.com", 
    "bishengguojiyulechengzenmeying.www.chtgc.com", 
    "2010yayunhuinvpaijuesai.chtgc.com", 
    "bet365beiyongwang.2013bbk.chtgc.com", 
    "22xuan5wanfa.chtgc.com", 
    "bocaiyulechengbeiyongwang.www.chtgc.com", 
    "aokecaiwang.2013bbk.chtgc.com", 
    "aokecaiwang.bbw.chtgc.com", 
    "901zuqiutuijian.sz.chtgc.com", 
    "3dzoushicaibazhushou.chtgc.com", 
    "babilunyulechengdubowangzhan.2013bbk.chtgc.com", 
    "bocaiguanggao.www.chtgc.com", 
    "boebaiyulechengzongbu.chtgc.com", 
    "12betbeiyongwangzhi.cq.chtgc.com", 
    "bet365zuixindizhi.chtgc.com", 
    "aomenduboxiaoshuo.xj.chtgc.com", 
    "benxiqipaishi.qw.chtgc.com", 
    "baomahuiguojiyulecheng.chtgc.com", 
    "bogouyulechengdailihezuo.www.chtgc.com", 
    "828guojiyule.2013bbk.chtgc.com", 
    "99zhenrenyulewang.wenzhou.chtgc.com", 
    "456qipaiyouxishuafenqi.www.chtgc.com", 
    "aomendubojiqiao.www.chtgc.com", 
    "bet365yulechangxiazai.www.chtgc.com", 
    "88yulechengchengxinzenmeyang.2013bbk.chtgc.com", 
    "bet365beiyongwangzhanshiduoshao.www.chtgc.com", 
    "bet365yulechengfanyong.2013bbk.chtgc.com", 
    "baishanqipaiyouxixiazai.www.chtgc.com", 
    "baijinguojiyulechengdubo.chtgc.com", 
    "901zuqiu.2013bbk.chtgc.com", 
    "baxizuqiudui.2013bbk.chtgc.com", 
    "aobo999.bw.chtgc.com", 
    "oa.chtgc.com", 
    "bogougunqiu.www.chtgc.com", 
    "2012zuqiuxiajizhuanhui.sz.chtgc.com", 
    "bocailaotoupaisanyuce.bw.chtgc.com", 
    "benxiqipaiwang.2013bbk.chtgc.com", 
    "91nianshijiezuqiuxiansheng.yanbian.chtgc.com", 
    "baodeqipai.2013bbk.chtgc.com", 
    "55125caibaluntan.bbs.chtgc.com", 
    "bailemenyule.2013bbk.chtgc.com", 
    "96nianshijiezuqiuxiansheng.www.chtgc.com", 
    "balaguizuqiudui.yyw.chtgc.com", 
    "bet365duqiu.www.chtgc.com", 
    "3dtumizonghuixincaiba.qyw.chtgc.com", 
    "7tianyulechengkaihu.www.chtgc.com", 
    "05wanouguanzuqiu.dongguan.chtgc.com", 
    "baomahuiyulechengdaili.chtgc.com", 
    "bet365wangzhiqi.chtgc.com", 
    "bet365dizhifabuqi.chtgc.com", 
    "aomenyongliyulecheng.chtgc.com", 
    "888qipai.bw.chtgc.com", 
    "360qipaidatingxiazai.2013bbk.chtgc.com", 
    "bishengguojiyulecheng.2013bbk.chtgc.com", 
    "901zuqiuwang.zx.chtgc.com", 
    "2013ouzhoubeiyuce.zuhai.chtgc.com", 
    "188jinbaoboyulechengkekaoma.news.chtgc.com", 
    "benxiqipaiyulewang.chtgc.com", 
    "828wangshangyule.bw.chtgc.com", 
    "bossxianshangyule.chtgc.com", 
    "boebaiyulechengtouzhu.chtgc.com", 
    "3dxincaiwang.hefei.chtgc.com", 
    "888darenyulepingtai.2013bbk.chtgc.com", 
    "3dqipaiyouxi.chtgc.com", 
    "bibowang.2013bbk.chtgc.com", 
    "05wanouguanzuqiu.xian.chtgc.com", 
    "baitiane3dtuku.chtgc.com", 
    "99zhenrenyulewang.yanan.chtgc.com", 
    "366yulechengzhenrenyouxi.www.chtgc.com", 
    "baogeliyulechengguanwang.www.chtgc.com", 
    "bocaicelue.chtgc.com", 
    "baomahuiyulechengdailiyongjin.chtgc.com", 
    "bishengguojiyulechengzongbu.2013bbk.chtgc.com", 
    "baomahuizaixianyule.chtgc.com", 
    "bocaiezu777.2013bbk.chtgc.com", 
    "aoxuntiyushequ.chtgc.com", 
    "aobo999.2013bbk.chtgc.com", 
    "901zuqiutuijian.news.chtgc.com", 
    "1996nianshijiezuqiuxiansheng.chtgc.com", 
    "865lianlianqipaiyouxi.www.chtgc.com", 
    "bocaiwangshangyulecheng.bw.chtgc.com", 
    "bossyulechengguanfangwangzhi.chtgc.com", 
    "aomenweinisirenyezonghui.2013bbk.chtgc.com", 
    "99zhenrenyulewang.maanshan.chtgc.com", 
    "aoxunwang.bw.chtgc.com", 
    "boebaizaixianyulecheng.www.chtgc.com", 
    "aomenmeigaomeijiudian.zhuhai.chtgc.com", 
    "bishengguojiyulechengyouhuihuodong.bw.chtgc.com", 
    "3dlecaiwang.nanjing.chtgc.com", 
    "baomahuiyulechengxianjinkaihu.bw.chtgc.com", 
    "baijinguojiyulechengkexinma.2013bbk.chtgc.com", 
    "678com.qw.chtgc.com", 
    "288buyicaiba.sc.chtgc.com", 
    "bet007jishibifen.chtgc.com", 
    "901zuqiutuijian.xian.chtgc.com", 
    "3344666com.bj.chtgc.com", 
    "bogouzhuce.qw.chtgc.com", 
    "3dbuyitianxia288caiba.sc.chtgc.com", 
    "99zhenrenyulewang.qqw.chtgc.com", 
    "098zuqiu.www.chtgc.com", 
    "boyadezhoupukebi.chtgc.com", 
    "aokecaiwang.dalian.chtgc.com", 
    "366yulechengaomenduchang.www.chtgc.com", 
    "2013zuixindupian.chtgc.com", 
    "08nianouzhoubeijuesai.chtgc.com", 
    "aomenweinisijiudian.bw.chtgc.com", 
    "baijialeyuanzongtongyulecheng.chtgc.com", 
    "baidulehecaikekaoma.anshun.chtgc.com", 
    "bomayulechengdailiyongjin.paotou.chtgc.com", 
    "91nianshijiezuqiuxiansheng.xiamen.chtgc.com", 
    "benxiqipaishi.2013bbk.chtgc.com", 
    "bet365beiyongyule.2013bbk.chtgc.com", 
    "baijialeyuanzongtongyulecheng.bw.chtgc.com", 
    "007qiutanbifen.chtgc.com", 
    "7080qipaiyouxi.wuhan.chtgc.com", 
    "456qipaiguanfangwang.2013bbk.chtgc.com", 
    "botiantangyulechengyongjin.bw.chtgc.com", 
    "aomenqiupan.qw.chtgc.com", 
    "2012zuqiuxiajizhuanhui.2013bbk.chtgc.com", 
    "baobulanqiuzhibo.chtgc.com", 
    "bet365yulechengdaili.www.chtgc.com", 
    "aomenmeigaomeijindianjiudian.sd.chtgc.com", 
    "901zuqiu.bw.chtgc.com", 
    "3dcaibaluntantianqiwang.guangzhou.chtgc.com", 
    "2013ouzhoubeifenzu.chtgc.com", 
    "7tianyulechengdaili.www.chtgc.com", 
    "benxiqipaishi.anshun.chtgc.com", 
    "baxizuqiu.2013bbk.chtgc.com", 
    "3djidianzhongkaijiang.bw.chtgc.com", 
    "aomenbocaigufenyouxiangongsi.chtgc.com", 
    "7080qipaiyouxi.www.chtgc.com", 
    "55125caiba.bj.chtgc.com", 
    "bocaicelue.2013bbk.chtgc.com", 
    "boyadezhoupukexiazai.2013bbk.chtgc.com", 
    "456qipaiyouxi.bbw.chtgc.com", 
    "bocaiezuluntan.2013bbk.chtgc.com", 
    "99caibawang.2013bbk.chtgc.com", 
    "98bbyulewang.baoji.chtgc.com", 
    "bossyulechengzhucewangzhi.www.chtgc.com", 
    "aomenweinisirengouwu.bw.chtgc.com", 
    "baidulehecaipiao.2013bbk.chtgc.com", 
    "3ddayingjia.www.chtgc.com", 
    "500wanlanqiubifenzhibo.bw.chtgc.com", 
    "bet365beiyongwangzhiqi.2013bbk.chtgc.com", 
    "boyadezhoupukexiazai.chtgc.com", 
    "aicaiwangshuangseqiushahao.chtgc.com", 
    "7tianyulechengxinyuhaobuhao.www.chtgc.com", 
    "aoying88guojiyule.bw.chtgc.com", 
    "boyadezhoupukeluntan.chtgc.com", 
    "aomencaipiaoyouxiangongsi.www.chtgc.com", 
    "98bbyulewang.sd.chtgc.com", 
    "baodeqipai.hb.chtgc.com", 
    "bet365tiyutouzhuwang.www.chtgc.com", 
    "boebaiyulechengpingtai.chtgc.com", 
    "aomenyinheyulejituan.hangzhou.chtgc.com", 
    "007zhenren.guangzhou.chtgc.com", 
    "3dshuangcailuntan.2013bbk.chtgc.com", 
    "bifenzaixian.2013bbk.chtgc.com", 
    "bishengguojiyulechengyouhui.bw.chtgc.com", 
    "98bbyulewang.zuhai.chtgc.com", 
    "botiantangyulechengwangzhi.chtgc.com", 
    "bocaihuangoujunwangyikatong.chtgc.com", 
    "3dqipaiyouxi.sz.chtgc.com", 
    "bishengguoji.www.chtgc.com", 
    "baxizuqiubaobei.bw.chtgc.com", 
    "basaasenna.chtgc.com", 
    "aokewangzuqiubifenzhibo.www.chtgc.com", 
    "bofayule.bw.chtgc.com", 
    "188bifenzhibowang.www.chtgc.com", 
    "benxiqipaishi.bw.chtgc.com", 
    "bocaiyulechengzenmewan.www.chtgc.com", 
    "bocaiezushouye.www.chtgc.com", 
    "botiwangzuqiubifenzhibo.bbs.chtgc.com", 
    "baomahuiyulechengdailihezuo.2013bbk.chtgc.com", 
    "2013ouzhoubei.tianjin.chtgc.com", 
    "3532888com.chtgc.com", 
    "7080qipaiyouxi.chtgc.com", 
    "58wniuniuqipai.2013bbk.chtgc.com", 
    "bishengguojiyulechengzhuce.2013bbk.chtgc.com", 
    "aicaiwangshuangseqiushahao.hanzhaong.chtgc.com", 
    "678com.bw.chtgc.com", 
    "865qipaichong.ah.chtgc.com", 
    "007qiutanbifen.zx.chtgc.com", 
    "3dzoushicaibazhushou.hangzhou.chtgc.com", 
    "aomenpan.www.chtgc.com", 
    "aomenzhengbanzuqiubao.www.chtgc.com", 
    "aomenduchangxiaojie.bw.chtgc.com", 
    "bocaihuangoujunwangyikatong.bw.chtgc.com", 
    "biyingcaipiaowang.news.chtgc.com", 
    "007zuqiubifen.bw.chtgc.com", 
    "bogoubocai.bw.chtgc.com", 
    "2013zuqiubisaishijian.chtgc.com", 
    "baomahuiyulechengxinyuzenyang.www.chtgc.com", 
    "bishengguojiyulechengxinyu.2013bbk.chtgc.com", 
    "baxijiajiliansaijifenbang.xuzhou.chtgc.com", 
    "baomahuiyulechengyouhuihuodong.bw.chtgc.com", 
    "007qiutanbifen.shenzhen.chtgc.com", 
    "58wtongchengqipai.www.chtgc.com", 
    "456qipaijiqiren.www.chtgc.com", 
    "901zuqiuwang.huaibei.chtgc.com", 
    "007bifenzhibowang.shantou.chtgc.com", 
    "aomenxinpujingduchang.2013bbk.chtgc.com", 
    "555qipaiyouxi.2013bbk.chtgc.com", 
    "bocailaotou12224pailiesan.huaibei.chtgc.com", 
    "boyadezhoupukeluntan.bw.chtgc.com", 
    "bocaiwangdaohang.2013bbk.chtgc.com", 
    "aomenduchangxiaojie.2013bbk.chtgc.com", 
    "3djidianzhongkaijiang.chtgc.com", 
    "baomahuiyulechengpingtai.chtgc.com", 
    "aiwanqipai.2013bbk.chtgc.com", 
    "aomenyazhoupan.ruijin.chtgc.com", 
    "51ouguanzuqiufuzhu.yyw.chtgc.com", 
    "baidushangqxunjiayuan.www.chtgc.com", 
    "aomenjinlihuajiudian.fuzhou.chtgc.com", 
    "3dlecailuntan.chtgc.com", 
    "aibocaishequcelue.2013bbk.chtgc.com", 
    "aokecaiwang.bw.chtgc.com", 
    "bailigongyulechengfanshui.2013bbk.chtgc.com", 
    "aomenzuqiudaxiaoqiu.changxia.chtgc.com", 
    "bomayulechengzhenrendubo.2013bbk.chtgc.com", 
    "2013zuixindianyingdupian.chtgc.com", 
    "7080qipaiyouxixiazai.xian.chtgc.com", 
    "bocaitongebo1.2013bbk.chtgc.com", 
    "baxijiajiliansaijifenbang.chtgc.com", 
    "bet365zuixindizhi.www.chtgc.com", 
    "bet365zuixinwangzhi.jieyang.chtgc.com", 
    "2013ouzhoubeifenzu.xiamen.chtgc.com", 
    "bet365beiyongshuizhidao.www.chtgc.com", 
    "bet365yulechengbeiyongwang.www.chtgc.com", 
    "007bifenzhibowang.ah.chtgc.com", 
    "aomenxinhaotiandiyulechang.2013bbk.chtgc.com", 
    "901zuqiu.qw.chtgc.com", 
    "5278xianshangzhibo.chtgc.com", 
    "bet365kaihu.chtgc.com", 
    "bocaiyouxi777youxi.zuhai.chtgc.com", 
    "aokewangzuqiubifenzhibo.bw.chtgc.com", 
    "bocaiezupai3zhengbancangjitu.2013bbk.chtgc.com", 
    "bet365yulechengwangluoduchang.bw.chtgc.com", 
    "bomayulechengshoucunyouhui.chtgc.com", 
    "aomenjinlihuajiudian.2013bbk.chtgc.com", 
    "901zuqiuwang.chtgc.com", 
    "aomenmeigaomei.2013bbk.chtgc.com", 
    "baoshijieyulecheng.chtgc.com", 
    "2012zhongguozuqiuduiduifu.www.chtgc.com", 
    "555qipaiyouxidating.maanshan.chtgc.com", 
    "bet365tiyupuke.bw.chtgc.com", 
    "bet365yulecheng.www.chtgc.com", 
    "biyingcaipiaowang.chtgc.com", 
    "baijialepingtaikaihunaliyouhuiduo.www.chtgc.com", 
    "3dzimicaibaluntan.2013bbk.chtgc.com", 
    "7tianyulechengbeiyongwangzhi.www.chtgc.com", 
    "botiantangyulecheng.www.chtgc.com", 
    "3kwangshangyule.bw.chtgc.com", 
    "babilunyulechengduchang.www.chtgc.com", 
    "bet365dizhi.www.chtgc.com", 
    "bocaiezushouye.chtgc.com", 
    "188jinbaoboyulechengkekaoma.2013bbk.chtgc.com", 
    "boebaiyulechengguanfangwangzhan.chtgc.com", 
    "2012zuqiunianxin.qw.chtgc.com", 
    "188jinbaoboyulewangkexinma.bw.chtgc.com", 
    "3dqipaiyouxi.bw.chtgc.com", 
    "888daren.chtgc.com", 
    "901zuqiuwang.bw.chtgc.com", 
    "2012shikuangzuqiuqiuyuanhanhua.chtgc.com", 
    "7tianyulechengdubowangzhan.www.chtgc.com", 
    "901zuqiuwang.www.chtgc.com", 
    "678yulechengpingtai.2013bbk.chtgc.com", 
    "binhaiguojiyulecheng.chtgc.com", 
    "bet365wangzhi.2013bbk.chtgc.com", 
    "boqiuwangshangyule.chtgc.com", 
    "baiweiyulecheng.bw.chtgc.com", 
    "bet365yulechangzhucejarlit.2013bbk.chtgc.com", 
    "bamuyaobaoxiaoyulecheng.anshun.chtgc.com", 
    "baogeliyulechengzongbu.2013bbk.chtgc.com", 
    "007bifenwang.qw.chtgc.com", 
    "baidulehecaianquanma.qw.chtgc.com", 
    "benxiqipaiyulewang.2013bbk.chtgc.com", 
    "58tongchengqipai.qyw.chtgc.com", 
    "botiantangyulechengguanwang.chtgc.com", 
    "bocaiwangcaifutong828.www.chtgc.com", 
    "366yulechengzhenrenyouxi.hb.chtgc.com", 
    "baomawangshangyule.2013bbk.chtgc.com", 
    "bailefangguanwang.bw.chtgc.com", 
    "88yulewang.bw.chtgc.com", 
    "bet365hezuo.chtgc.com", 
    "188bifenzhibowang.wuhu.chtgc.com", 
    "aomenduchangwanfajieshao.chtgc.com", 
    "bocaiezupai3zhengbancangjitu.chtgc.com", 
    "99zhenrenyulewang.shijiazhuang.chtgc.com", 
    "2013ouzhoubeifenzu.2013bbk.chtgc.com", 
    "3dxincaiba.bw.chtgc.com", 
    "aomenweinisiren.www.chtgc.com", 
    "888zhenrenyouxi.bw.chtgc.com", 
    "bocaidaohangwang.nanchang.chtgc.com", 
    "3dduocaiwang.chtgc.com", 
    "098zuqiu.bbs.chtgc.com", 
    "aomenwangshangwandubo.chtgc.com", 
    "bomayulechengzhenrenyouxi.www.chtgc.com", 
    "aokewangbifenzhibo.bw.chtgc.com", 
    "baidudezhoupuke.2013bbk.chtgc.com", 
    "bomayulechengfanshui.2013bbk.chtgc.com", 
    "888qipaiyouxi.manzhouli.chtgc.com", 
    "baijialeyuanzongtongyulecheng.yanbian.chtgc.com", 
    "aomenweinisirendujiacunjiudian.bw.chtgc.com", 
    "901zuqiutuijian.hanzhaong.chtgc.com", 
    "365tiyutouzhuwang.chtgc.com", 
    "bet365zuikuai.bw.chtgc.com", 
    "babilunyulechengyongjin.2013bbk.chtgc.com", 
    "08ouzhoubei.chtgc.com", 
    "88yulechenghaowanma.2013bbk.chtgc.com", 
    "365qipaiyouxi.bw.chtgc.com", 
    "bomayulechengxinyuzenmeyang.2013bbk.chtgc.com", 
    "baomahuiyulechengfanshui.www.chtgc.com", 
    "888darenzaixianyulecheng.2013bbk.chtgc.com", 
    "35tiyu.chtgc.com", 
    "bocaiezujujishouluntan.2013bbk.chtgc.com", 
    "91dezhoupukezaixianyouxi.xuancheng.chtgc.com", 
    "95zunlongguoji.www.chtgc.com", 
    "boyinzuqiupingtaichuzu.chtgc.com", 
    "bomayulechengbaijialedubo.2013bbk.chtgc.com", 
    "aomenduwanghehongquanchuan.bw.chtgc.com", 
    "007bifenzhibowang.anqing.chtgc.com", 
    "bocailaotoudeboke.dongguan.chtgc.com", 
    "05wanouguanzuqiu.chtgc.com", 
    "3dqipaiyouxi.www.chtgc.com", 
    "baodeqipaixiazai.www.chtgc.com", 
    "456qipaijiqiren.bw.chtgc.com", 
    "baijialedaili.chtgc.com", 
    "7080qipai.huaibei.chtgc.com", 
    "190aa.manzhouli.chtgc.com", 
    "456qipai.chtgc.com", 
    "boyingtouziguba.www.chtgc.com", 
    "555qipaiyouxixiazai.2013bbk.chtgc.com", 
    "3dxincaiba.ah.chtgc.com", 
    "365qipaiyouxixiazai.huangshan.chtgc.com", 
    "aomenlvyougonglueditu.chtgc.com", 
    "bet365wangzhidabukai.2013bbk.chtgc.com", 
    "3dxincaiwang.2013bbk.chtgc.com", 
    "bet365zuixinwangzhi.bw.chtgc.com", 
    "baxijiajiliansaijifenbang.bw.chtgc.com", 
    "58wtongchengqipai.tongling.chtgc.com", 
    "58wdatingxiazai.chtgc.com", 
    "bossyulechengzhenqianbaijiale.chtgc.com", 
    "benxiyuwangqipai.chtgc.com", 
    "360gaoqingzuqiuzhibo.2013bbk.chtgc.com", 
    "bomayulechengbaijiale.2013bbk.chtgc.com", 
    "boebaiyulechengyongjin.chtgc.com", 
    "3kyulecheng.shanghai.chtgc.com", 
    "bomayulechengzongbu.2013bbk.chtgc.com", 
    "3dcaiba.chtgc.com", 
    "boebaiyulechengdailihezuo.chtgc.com", 
    "baodingbocaiwang.bw.chtgc.com", 
    "boyingtouzidelong.chtgc.com", 
    "bomayulechengyongjin.zx.chtgc.com", 
    "901zuqiutuijian.nanning.chtgc.com", 
    "anshanyuwangqipai.bw.chtgc.com", 
    "bet365beiyongwangzhan.2013bbk.chtgc.com", 
    "bokechengshiqipai.chtgc.com", 
    "2013zuqiubisaishijian.2013bbk.chtgc.com", 
    "12betyulechengzhucewangzhi.2013bbk.chtgc.com", 
    "bet365yulechengdubowangzhan.bw.chtgc.com", 
    "188bifenzhibo.chtgc.com", 
    "bifenzhibo188.www.chtgc.com", 
    "baidulehecaizhongjiang.jieyang.chtgc.com", 
    "bossyulechengkaihu.bw.chtgc.com", 
    "3dbuyitianxia288caiba.2013bbk.chtgc.com", 
    "aomenzuqiubocaigongsi.2013bbk.chtgc.com", 
    "2012zuqiushijiebeiguanjun.2013bbk.chtgc.com", 
    "bibotiyu.jieyang.chtgc.com", 
    "baijialeyongpin.2013bbk.chtgc.com", 
    "bogoubeiyongwangzhan.www.chtgc.com", 
    "baidulehecaianquanma.chongqing.chtgc.com", 
    "aomenwangshangyulecheng.xj.chtgc.com", 
    "bogouyulechengzhenrenyouxi.chtgc.com", 
    "04nianouzhoubeibaqiang.gd.chtgc.com", 
    "aomenduwangnver.bw.chtgc.com", 
    "bet365yulechanghe.chtgc.com", 
    "aokewangjingcaibifenzhibo.bw.chtgc.com", 
    "bailefangzaixianyulecheng.chtgc.com", 
    "baijialejiqiao.bw.chtgc.com", 
    "456qipaiguanwangwww.chtgc.com", 
    "aomenweinisirenyezonghui.manzhouli.chtgc.com", 
    "188bifenzhibowang.2013bbk.chtgc.com", 
    "bossyulewang.2013bbk.chtgc.com", 
    "boyadezhoupukexiugai.bw.chtgc.com", 
    "901zuqiutuijian.2013bbk.chtgc.com", 
    "bogouyulechengaomendubo.bw.chtgc.com", 
    "bet007lanqiu.www.chtgc.com", 
    "bocaiyouxi777youxi.2013bbk.chtgc.com", 
    "boyinbocaigongsipaiming.www.chtgc.com", 
    "bossyulechengwangluobaijiale.chtgc.com", 
    "aomenduchangyulecheng.www.chtgc.com", 
    "aomenwangshangwangzhi.2013bbk.chtgc.com", 
    "bet365yulechangzhucejarlit.chtgc.com", 
    "bomayulechengbeiyongwangzhi.news.chtgc.com", 
    "901zuqiutuijian.shantou.chtgc.com", 
    "bocaiwangzhanyuanma.www.chtgc.com", 
    "365xinwangzhi.shenzhen.chtgc.com", 
    "baojiyulepingtai.www.chtgc.com", 
    "901zuqiutuijian.paotou.chtgc.com", 
    "bocaiyulechengxinyuzenyang.bw.chtgc.com", 
    "baogeliyulecheng.2013bbk.chtgc.com", 
    "bet365yulechengtuijie.www.chtgc.com", 
    "aomenwangshangbocai.xj.chtgc.com", 
    "aomenzuqiudaxiaoqiu.bbw.chtgc.com", 
    "bet365duboyulecheng.2013bbk.chtgc.com", 
    "bocaiyulechengzenmeying.bw.chtgc.com", 
    "7tianyulechengguanfangwang.www.chtgc.com", 
    "2012zhongguozuqiuduimingdan.www.chtgc.com", 
    "aomenduchangshipin.2013bbk.chtgc.com", 
    "2012zuqiuxiajizhuanhui.nanchang.chtgc.com", 
    "828yule.www.chtgc.com", 
    "456qipaiyouxi.wenzhou.chtgc.com", 
    "99zhenren.chtgc.com", 
    "aomenduwanghehongqushi.www.chtgc.com", 
    "555qipaiyouxi.www.chtgc.com", 
    "boyiqipai.www.chtgc.com", 
    "aomenweinisirenyezonghui.sh.chtgc.com", 
    "bokechengshiqipaixiazai.bw.chtgc.com", 
    "biboguojiyulepingtai.2013bbk.chtgc.com"
]